# JRE version: Java(TM) SE Runtime Environment (8.0_202-b08) (build 1.8.0_202-b08)
# Java VM: Java HotSpot(TM) 64-Bit Server VM (25.202-b08 mixed mode windows-amd64 compressed oops)
Heap:
 PSYoungGen      total 62976K, used 19828K [0x00000000d5f80000, 0x00000000dba80000, 0x0000000100000000)
  eden space 53760K, 33% used [0x00000000d5f80000,0x00000000d7128d98,0x00000000d9400000)
  from space 9216K, 18% used [0x00000000d9400000,0x00000000d95b4490,0x00000000d9d00000)
  to   space 11264K, 0% used [0x00000000daf80000,0x00000000daf80000,0x00000000dba80000)
 ParOldGen       total 55808K, used 12725K [0x0000000081e00000, 0x0000000085480000, 0x00000000d5f80000)
  object space 55808K, 22% used [0x0000000081e00000,0x0000000082a6d730,0x0000000085480000)
 Metaspace       used 34901K, capacity 36274K, committed 36568K, reserved 1081344K
  class space    used 4197K, capacity 4509K, committed 4608K, reserved 1048576K
GC Heap History (10 events):
Event: 6.378 GC heap before
{Heap before GC invocations=7 (full 1):
 PSYoungGen      total 38400K, used 36847K [0x00000000d5f80000, 0x00000000da780000, 0x0000000100000000)
  eden space 33280K, 100% used [0x00000000d5f80000,0x00000000d8000000,0x00000000d8000000)
  from space 5120K, 69% used [0x00000000d8000000,0x00000000d837bd60,0x00000000d8500000)
  to   space 9728K, 0% used [0x00000000d9e00000,0x00000000d9e00000,0x00000000da780000)
 ParOldGen       total 55808K, used 7113K [0x0000000081e00000, 0x0000000085480000, 0x00000000d5f80000)
  object space 55808K, 12% used [0x0000000081e00000,0x00000000824f2680,0x0000000085480000)
 Metaspace       used 26531K, capacity 27450K, committed 27776K, reserved 1073152K
  class space    used 3122K, capacity 3373K, committed 3456K, reserved 1048576K
Event: 6.388 GC heap after
Heap after GC invocations=7 (full 1):
 PSYoungGen      total 61952K, used 5027K [0x00000000d5f80000, 0x00000000da600000, 0x0000000100000000)
  eden space 53760K, 0% used [0x00000000d5f80000,0x00000000d5f80000,0x00000000d9400000)
  from space 8192K, 61% used [0x00000000d9e00000,0x00000000da2e8e78,0x00000000da600000)
  to   space 9216K, 0% used [0x00000000d9400000,0x00000000d9400000,0x00000000d9d00000)
 ParOldGen       total 55808K, used 7121K [0x0000000081e00000, 0x0000000085480000, 0x00000000d5f80000)
  object space 55808K, 12% used [0x0000000081e00000,0x00000000824f4680,0x0000000085480000)
 Metaspace       used 26531K, capacity 27450K, committed 27776K, reserved 1073152K
  class space    used 3122K, capacity 3373K, committed 3456K, reserved 1048576K
}
Event: 18.995 GC heap before
{Heap before GC invocations=8 (full 1):
 PSYoungGen      total 61952K, used 58787K [0x00000000d5f80000, 0x00000000da600000, 0x0000000100000000)
  eden space 53760K, 100% used [0x00000000d5f80000,0x00000000d9400000,0x00000000d9400000)
  from space 8192K, 61% used [0x00000000d9e00000,0x00000000da2e8e78,0x00000000da600000)
  to   space 9216K, 0% used [0x00000000d9400000,0x00000000d9400000,0x00000000d9d00000)
 ParOldGen       total 55808K, used 7121K [0x0000000081e00000, 0x0000000085480000, 0x00000000d5f80000)
  object space 55808K, 12% used [0x0000000081e00000,0x00000000824f4680,0x0000000085480000)
 Metaspace       used 32357K, capacity 33624K, committed 33920K, reserved 1079296K
  class space    used 3890K, capacity 4180K, committed 4224K, reserved 1048576K
Event: 19.020 GC heap after
Heap after GC invocations=8 (full 1):
 PSYoungGen      total 62976K, used 9187K [0x00000000d5f80000, 0x00000000da600000, 0x0000000100000000)
  eden space 53760K, 0% used [0x00000000d5f80000,0x00000000d5f80000,0x00000000d9400000)
  from space 9216K, 99% used [0x00000000d9400000,0x00000000d9cf8d90,0x00000000d9d00000)
  to   space 8192K, 0% used [0x00000000d9e00000,0x00000000d9e00000,0x00000000da600000)
 ParOldGen       total 55808K, used 7164K [0x0000000081e00000, 0x0000000085480000, 0x00000000d5f80000)
  object space 55808K, 12% used [0x0000000081e00000,0x00000000824ff2b8,0x0000000085480000)
 Metaspace       used 32357K, capacity 33624K, committed 33920K, reserved 1079296K
  class space    used 3890K, capacity 4180K, committed 4224K, reserved 1048576K
}
Event: 20.476 GC heap before
{Heap before GC invocations=9 (full 1):
 PSYoungGen      total 62976K, used 27594K [0x00000000d5f80000, 0x00000000da600000, 0x0000000100000000)
  eden space 53760K, 34% used [0x00000000d5f80000,0x00000000d7179e68,0x00000000d9400000)
  from space 9216K, 99% used [0x00000000d9400000,0x00000000d9cf8d90,0x00000000d9d00000)
  to   space 8192K, 0% used [0x00000000d9e00000,0x00000000d9e00000,0x00000000da600000)
 ParOldGen       total 55808K, used 7164K [0x0000000081e00000, 0x0000000085480000, 0x00000000d5f80000)
  object space 55808K, 12% used [0x0000000081e00000,0x00000000824ff2b8,0x0000000085480000)
 Metaspace       used 33932K, capacity 35196K, committed 35416K, reserved 1081344K
  class space    used 4086K, capacity 4378K, committed 4480K, reserved 1048576K
Event: 20.488 GC heap after
Heap after GC invocations=9 (full 1):
 PSYoungGen      total 61952K, used 7746K [0x00000000d5f80000, 0x00000000da600000, 0x0000000100000000)
  eden space 53760K, 0% used [0x00000000d5f80000,0x00000000d5f80000,0x00000000d9400000)
  from space 8192K, 94% used [0x00000000d9e00000,0x00000000da590b90,0x00000000da600000)
  to   space 9216K, 0% used [0x00000000d9400000,0x00000000d9400000,0x00000000d9d00000)
 ParOldGen       total 55808K, used 7172K [0x0000000081e00000, 0x0000000085480000, 0x00000000d5f80000)
  object space 55808K, 12% used [0x0000000081e00000,0x00000000825012b8,0x0000000085480000)
 Metaspace       used 33932K, capacity 35196K, committed 35416K, reserved 1081344K
  class space    used 4086K, capacity 4378K, committed 4480K, reserved 1048576K
}
Event: 20.488 GC heap before
{Heap before GC invocations=10 (full 2):
 PSYoungGen      total 61952K, used 7746K [0x00000000d5f80000, 0x00000000da600000, 0x0000000100000000)
  eden space 53760K, 0% used [0x00000000d5f80000,0x00000000d5f80000,0x00000000d9400000)
  from space 8192K, 94% used [0x00000000d9e00000,0x00000000da590b90,0x00000000da600000)
  to   space 9216K, 0% used [0x00000000d9400000,0x00000000d9400000,0x00000000d9d00000)
 ParOldGen       total 55808K, used 7172K [0x0000000081e00000, 0x0000000085480000, 0x00000000d5f80000)
  object space 55808K, 12% used [0x0000000081e00000,0x00000000825012b8,0x0000000085480000)
 Metaspace       used 33932K, capacity 35196K, committed 35416K, reserved 1081344K
  class space    used 4086K, capacity 4378K, committed 4480K, reserved 1048576K
Event: 20.573 GC heap after
Heap after GC invocations=10 (full 2):
 PSYoungGen      total 61952K, used 0K [0x00000000d5f80000, 0x00000000da600000, 0x0000000100000000)
  eden space 53760K, 0% used [0x00000000d5f80000,0x00000000d5f80000,0x00000000d9400000)
  from space 8192K, 0% used [0x00000000d9e00000,0x00000000d9e00000,0x00000000da600000)
  to   space 9216K, 0% used [0x00000000d9400000,0x00000000d9400000,0x00000000d9d00000)
 ParOldGen       total 55808K, used 12717K [0x0000000081e00000, 0x0000000085480000, 0x00000000d5f80000)
  object space 55808K, 22% used [0x0000000081e00000,0x0000000082a6b730,0x0000000085480000)
 Metaspace       used 33932K, capacity 35196K, committed 35416K, reserved 1081344K
  class space    used 4086K, capacity 4378K, committed 4480K, reserved 1048576K
}
Event: 24.812 GC heap before
{Heap before GC invocations=11 (full 2):
 PSYoungGen      total 61952K, used 53760K [0x00000000d5f80000, 0x00000000da600000, 0x0000000100000000)
  eden space 53760K, 100% used [0x00000000d5f80000,0x00000000d9400000,0x00000000d9400000)
  from space 8192K, 0% used [0x00000000d9e00000,0x00000000d9e00000,0x00000000da600000)
  to   space 9216K, 0% used [0x00000000d9400000,0x00000000d9400000,0x00000000d9d00000)
 ParOldGen       total 55808K, used 12717K [0x0000000081e00000, 0x0000000085480000, 0x00000000d5f80000)
  object space 55808K, 22% used [0x0000000081e00000,0x0000000082a6b730,0x0000000085480000)
 Metaspace       used 34845K, capacity 36198K, committed 36568K, reserved 1081344K
  class space    used 4197K, capacity 4509K, committed 4608K, reserved 1048576K
Event: 24.815 GC heap after
Heap after GC invocations=11 (full 2):
 PSYoungGen      total 62976K, used 1745K [0x00000000d5f80000, 0x00000000dba80000, 0x0000000100000000)
  eden space 53760K, 0% used [0x00000000d5f80000,0x00000000d5f80000,0x00000000d9400000)
  from space 9216K, 18% used [0x00000000d9400000,0x00000000d95b4490,0x00000000d9d00000)
  to   space 11264K, 0% used [0x00000000daf80000,0x00000000daf80000,0x00000000dba80000)
 ParOldGen       total 55808K, used 12725K [0x0000000081e00000, 0x0000000085480000, 0x00000000d5f80000)
  object space 55808K, 22% used [0x0000000081e00000,0x0000000082a6d730,0x0000000085480000)
 Metaspace       used 34845K, capacity 36198K, committed 36568K, reserved 1081344K
  class space    used 4197K, capacity 4509K, committed 4608K, reserved 1048576K
}

